Info: Nothing to build for 007_5_HAL_TIMER_INTERRUPT
Info: Nothing to build for 007_5_HAL_TIMER_INTERRUPT
Info: Nothing to build for 007_5_HAL_TIMER_INTERRUPT
15:29:20 **** Incremental Build of configuration Debug for project 007_5_HAL_TIMER_INTERRUPT ****
Info: Internal Builder is used for build
C:\Program Files (x86)\Atollic\TrueSTUDIO for STM32 9.3.0\ide\jre\bin\java -jar C:\Program Files (x86)\Atollic\TrueSTUDIO for STM32 9.3.0\Tools\arm-atollic-reports.jar sizeinfo list 007_5_HAL_TIMER_INTERRUPT 
Generate build reports...
Print size information
arm-atollic-eabi-size: '007_5_HAL_TIMER_INTERRUPT': No such file
Print size information done
Generate listing file
Output sent to: 007_5_HAL_TIMER_INTERRUPT.list
Generate listing file done
Generate build reports done
Info: Nothing to build for 007_5_HAL_TIMER_INTERRUPT
15:31:48 **** Rebuild of configuration Debug for project 007_5_HAL_TIMER_INTERRUPT ****
Info: Internal Builder is used for build
C:\Program Files (x86)\Atollic\TrueSTUDIO for STM32 9.3.0\ide\jre\bin\java -jar C:\Program Files (x86)\Atollic\TrueSTUDIO for STM32 9.3.0\Tools\arm-atollic-reports.jar sizeinfo list 007_5_HAL_TIMER_INTERRUPT 
Generate build reports...
Print size information
arm-atollic-eabi-size: '007_5_HAL_TIMER_INTERRUPT': No such file
Print size information done
Generate listing file
Output sent to: 007_5_HAL_TIMER_INTERRUPT.list
Generate listing file done
Generate build reports done
Info: Nothing to build for 007_5_HAL_TIMER_INTERRUPT
